<?xml version="1.0" encoding="UTF-8"?>
<!-- Generated by org.testng.reporters.JUnitXMLReporter -->
<testsuite ignored="0" hostname="HQ-991-0L7LVCF" failures="1" tests="1" name="Default test(failed)" time="0.288" errors="0" timestamp="2020-06-17T01:46:02 CDT">
  <testcase classname="com.testautomation.TestRunner.TestRunner" name="featuer" time="0.0">
    <failure type="org.testng.TestNGException" message="
Method public void com.testautomation.TestRunner.TestRunner.featuer(cucumber.api.testng.CucumberFeatureWrapper) requires a @DataProvider named : features">
      <![CDATA[org.testng.TestNGException: 
Method public void com.testautomation.TestRunner.TestRunner.featuer(cucumber.api.testng.CucumberFeatureWrapper) requires a @DataProvider named : features
at java.base/java.util.ArrayList.forEach(ArrayList.java:1507)
... Removed 24 stack frames]]>
    </failure>
  </testcase> <!-- featuer -->
</testsuite> <!-- Default test(failed) -->
