<?xml version="1.0" encoding="UTF-8"?>
<!-- Generated by org.testng.reporters.JUnitXMLReporter -->
<testsuite ignored="0" hostname="HQ-991-0L7LVCF" failures="0" tests="1" name="Test" time="0.182" errors="0" timestamp="2020-06-19T11:23:11 CDT">
  <testcase classname="com.testautomation.TestRunner.TestRunner" name="@BeforeClass setUpClass" time="0.157">
    <failure type="cucumber.runtime.DuplicateStepDefinitionException" message="Duplicate step definitions in com.testautomation.StepDef.YoutubeChannelValidations.search_selenium_tutorial() in file:/Users/vedant.jagani/Documents/Automation/SeleniumCucumberBDDFramework/target/classes/ and com.testautomation.StepDef.YoutubeChannelValidationsStepDef.search_selenium_tutorial() in file:/Users/vedant.jagani/Documents/Automation/SeleniumCucumberBDDFramework/target/classes/">
      <![CDATA[cucumber.runtime.DuplicateStepDefinitionException: Duplicate step definitions in com.testautomation.StepDef.YoutubeChannelValidations.search_selenium_tutorial() in file:/Users/vedant.jagani/Documents/Automation/SeleniumCucumberBDDFramework/target/classes/ and com.testautomation.StepDef.YoutubeChannelValidationsStepDef.search_selenium_tutorial() in file:/Users/vedant.jagani/Documents/Automation/SeleniumCucumberBDDFramework/target/classes/
at cucumber.runtime.RuntimeGlue.addStepDefinition(RuntimeGlue.java:33)
at cucumber.runtime.java.JavaBackend.addStepDefinition(JavaBackend.java:151)
at cucumber.runtime.java.MethodScanner.scan(MethodScanner.java:68)
at cucumber.runtime.java.MethodScanner.scan(MethodScanner.java:41)
at cucumber.runtime.java.JavaBackend.loadGlue(JavaBackend.java:86)
at cucumber.runtime.Runtime.<init>(Runtime.java:92)
at cucumber.runtime.Runtime.<init>(Runtime.java:70)
at cucumber.runtime.Runtime.<init>(Runtime.java:66)
at cucumber.api.testng.TestNGCucumberRunner.<init>(TestNGCucumberRunner.java:42)
at com.testautomation.TestRunner.TestRunner.setUpClass(TestRunner.java:27)
at java.base/java.util.ArrayList.forEach(ArrayList.java:1507)
... Removed 25 stack frames]]>
    </failure>
  </testcase> <!-- @BeforeClass setUpClass -->
  <testcase classname="com.testautomation.TestRunner.TestRunner" name="@AfterClass tearDownClass" time="0.0">
    <failure type="java.lang.NullPointerException">
      <![CDATA[java.lang.NullPointerException
at com.testautomation.TestRunner.TestRunner.tearDownClass(TestRunner.java:42)
at java.base/java.util.ArrayList.forEach(ArrayList.java:1507)
... Removed 25 stack frames]]>
    </failure>
  </testcase> <!-- @AfterClass tearDownClass -->
  <testcase classname="com.testautomation.TestRunner.TestRunner" name="featuer" time="0.0">
    <skipped/>
  </testcase> <!-- featuer -->
</testsuite> <!-- Test -->
